<?xml version="1.0" encoding="UTF-8"?>
<!-- Generated by org.testng.reporters.JUnitXMLReporter -->
<testsuite ignored="0" hostname="LAPTOP-CNO9CB27" failures="0" tests="6" name="Default test" time="11.305" errors="0" timestamp="2026-02-05T19:30:17 EST">
  <testcase classname="testHerokuapp.testmainpage" name="verifyHomePageTitle" time="0.02"/>
  <testcase classname="testHerokuapp.testmainpage" name="verifyABTestingLink" time="1.523"/>
  <testcase classname="testHerokuapp.testmainpage" name="verifyAddRemoveElementsLink" time="1.491"/>
  <testcase classname="testHerokuapp.testmainpage" name="verifyBasicAuthLink" time="1.9"/>
  <testcase classname="testHerokuapp.testmainpage" name="verifyBrokenImagesLink" time="1.831"/>
  <testcase classname="testHerokuapp.testmainpage" name="verifyChallengingDOMLink" time="1.642"/>
</testsuite> <!-- Default test -->
