<?xml version="1.0" encoding="UTF-8"?>
<testng-results ignored="0" total="4" passed="4" failed="0" skipped="0">
  <reporter-output>
  </reporter-output>
  <suite started-at="2026-02-05T18:29:47 EST" name="Default suite" finished-at="2026-02-05T18:29:55 EST" duration-ms="7903">
    <groups>
    </groups>
    <test started-at="2026-02-05T18:29:47 EST" name="Default test" finished-at="2026-02-05T18:29:55 EST" duration-ms="7903">
      <class name="testHerokuapp.testmainpage">
        <test-method is-config="true" signature="setUp()[pri:0, instance:testHerokuapp.testmainpage@f79e]" started-at="2026-02-05T18:29:47 EST" name="setUp" finished-at="2026-02-05T18:29:49 EST" duration-ms="2087" status="PASS">
          <reporter-output>
          </reporter-output>
        </test-method> <!-- setUp -->
        <test-method signature="verifyHomePageTitle()[pri:1, instance:testHerokuapp.testmainpage@f79e]" started-at="2026-02-05T18:29:49 EST" name="verifyHomePageTitle" finished-at="2026-02-05T18:29:50 EST" duration-ms="39" status="PASS">
          <reporter-output>
          </reporter-output>
        </test-method> <!-- verifyHomePageTitle -->
        <test-method signature="verifyABTestingLink()[pri:2, instance:testHerokuapp.testmainpage@f79e]" started-at="2026-02-05T18:29:50 EST" name="verifyABTestingLink" finished-at="2026-02-05T18:29:51 EST" duration-ms="1477" status="PASS">
          <reporter-output>
          </reporter-output>
        </test-method> <!-- verifyABTestingLink -->
        <test-method signature="verifyAddRemoveElementsLink()[pri:3, instance:testHerokuapp.testmainpage@f79e]" started-at="2026-02-05T18:29:52 EST" name="verifyAddRemoveElementsLink" finished-at="2026-02-05T18:29:53 EST" duration-ms="1524" status="PASS">
          <reporter-output>
          </reporter-output>
        </test-method> <!-- verifyAddRemoveElementsLink -->
        <test-method signature="verifyBasicAuthLink()[pri:3, instance:testHerokuapp.testmainpage@f79e]" started-at="2026-02-05T18:29:53 EST" name="verifyBasicAuthLink" finished-at="2026-02-05T18:29:55 EST" duration-ms="1724" status="PASS">
          <reporter-output>
          </reporter-output>
        </test-method> <!-- verifyBasicAuthLink -->
        <test-method is-config="true" signature="tearDown()[pri:0, instance:testHerokuapp.testmainpage@f79e]" started-at="2026-02-05T18:29:55 EST" name="tearDown" finished-at="2026-02-05T18:29:55 EST" duration-ms="214" status="PASS">
          <reporter-output>
          </reporter-output>
        </test-method> <!-- tearDown -->
      </class> <!-- testHerokuapp.testmainpage -->
    </test> <!-- Default test -->
  </suite> <!-- Default suite -->
</testng-results>
