<?xml version="1.0" encoding="UTF-8"?>
<testng-results ignored="0" total="2" passed="2" failed="0" skipped="0">
  <reporter-output>
  </reporter-output>
  <suite started-at="2026-02-05T13:55:18 EST" name="Default suite" finished-at="2026-02-05T13:55:22 EST" duration-ms="4593">
    <groups>
    </groups>
    <test started-at="2026-02-05T13:55:18 EST" name="Default test" finished-at="2026-02-05T13:55:22 EST" duration-ms="4593">
      <class name="testHerokuapp.testmainpage">
        <test-method is-config="true" signature="setUp()[pri:0, instance:testHerokuapp.testmainpage@8c3b9d]" started-at="2026-02-05T13:55:18 EST" name="setUp" finished-at="2026-02-05T13:55:20 EST" duration-ms="2383" status="PASS">
          <reporter-output>
          </reporter-output>
        </test-method> <!-- setUp -->
        <test-method signature="verifyHomePageTitle()[pri:1, instance:testHerokuapp.testmainpage@8c3b9d]" started-at="2026-02-05T13:55:20 EST" name="verifyHomePageTitle" finished-at="2026-02-05T13:55:20 EST" duration-ms="20" status="PASS">
          <reporter-output>
          </reporter-output>
        </test-method> <!-- verifyHomePageTitle -->
        <test-method signature="verifyABTestingLink()[pri:2, instance:testHerokuapp.testmainpage@8c3b9d]" started-at="2026-02-05T13:55:20 EST" name="verifyABTestingLink" finished-at="2026-02-05T13:55:22 EST" duration-ms="1468" status="PASS">
          <reporter-output>
          </reporter-output>
        </test-method> <!-- verifyABTestingLink -->
        <test-method is-config="true" signature="tearDown()[pri:0, instance:testHerokuapp.testmainpage@8c3b9d]" started-at="2026-02-05T13:55:22 EST" name="tearDown" finished-at="2026-02-05T13:55:22 EST" duration-ms="329" status="PASS">
          <reporter-output>
          </reporter-output>
        </test-method> <!-- tearDown -->
      </class> <!-- testHerokuapp.testmainpage -->
    </test> <!-- Default test -->
  </suite> <!-- Default suite -->
</testng-results>
