<?xml version="1.0" encoding="UTF-8"?>
<!-- Generated by org.testng.reporters.JUnitReportReporter -->
<testsuite hostname="LAPTOP-CNO9CB27" failures="0" tests="2" name="testHerokuapp.testmainpage" time="1.488" errors="0" timestamp="2026-02-05T13:55:22 EST" skipped="0">
  <testcase classname="testHerokuapp.testmainpage" name="verifyHomePageTitle" time="0.020"/>
  <testcase classname="testHerokuapp.testmainpage" name="verifyABTestingLink" time="1.468"/>
</testsuite> <!-- testHerokuapp.testmainpage -->
