<?xml version="1.0" encoding="UTF-8"?>
<!-- Generated by org.testng.reporters.JUnitReportReporter -->
<testsuite hostname="LAPTOP-CNO9CB27" failures="0" tests="4" name="testHerokuapp.testmainpage" time="4.764" errors="0" timestamp="2026-02-05T18:29:55 EST" skipped="0">
  <testcase classname="testHerokuapp.testmainpage" name="verifyHomePageTitle" time="0.039"/>
  <testcase classname="testHerokuapp.testmainpage" name="verifyABTestingLink" time="1.477"/>
  <testcase classname="testHerokuapp.testmainpage" name="verifyAddRemoveElementsLink" time="1.524"/>
  <testcase classname="testHerokuapp.testmainpage" name="verifyBasicAuthLink" time="1.724"/>
</testsuite> <!-- testHerokuapp.testmainpage -->
